12:57:37 INFO  : Launching XSDB server: xsdb.bat C:/Xilinx/SDK/2015.4/scripts/xsdb/xsdb/xsdb-server.tcl
12:57:44 INFO  : XSDB server has started successfully.
12:57:44 INFO  : Restoring global repository preferences: 
		 C:\.Xilinx\repo
12:59:27 INFO  : Saving repository preferences.
12:59:27 INFO  : Reading in cores from global repositories: 
		 Z:\Microprocessor_Based_Design\Project\Repos\TCP-Embedded-Audio\xilinxRepository
12:59:30 INFO  : Cleaning BSP projects in the workspace.
12:59:30 INFO  : Saving repository preferences.
13:30:21 ERROR : Checking FPGA configuration failed..Connection to Board Failed


    Unknown Error Occured
    Cable is not connected to the host

13:30:21 ERROR : Unexpected error while launching program.
com.xilinx.sdk.targetmanager.TMException: Connection to Board Failed


    Unknown Error Occured
    Cable is not connected to the host

	at com.xilinx.sdk.targetmanager.internal.TM.isFPGAConfigured(TM.java:374)
	at com.xilinx.sdk.debug.core.XilinxAppLaunchConfigurationDelegate.isFpgaConfigured(XilinxAppLaunchConfigurationDelegate.java:409)
	at com.xilinx.sdk.debug.core.XilinxAppLaunchConfigurationDelegate.launch(XilinxAppLaunchConfigurationDelegate.java:303)
	at com.xilinx.sdk.debug.ui.XilinxAppLaunchDelegateWrapper.launch(XilinxAppLaunchDelegateWrapper.java:31)
	at org.eclipse.debug.internal.core.LaunchConfiguration.launch(LaunchConfiguration.java:858)
	at org.eclipse.debug.internal.core.LaunchConfiguration.launch(LaunchConfiguration.java:707)
	at org.eclipse.debug.internal.ui.DebugUIPlugin.buildAndLaunch(DebugUIPlugin.java:1018)
	at org.eclipse.debug.internal.ui.DebugUIPlugin$8.run(DebugUIPlugin.java:1222)
	at org.eclipse.core.internal.jobs.Worker.run(Worker.java:53)
13:33:01 ERROR : Unexpected error while launching program.
java.lang.RuntimeException: Error while sourcing //vmware-host/Shared Folders/Microprocessor_Based_Design/Project/Repos/TCP-Embedded-Audio/workspace/system_wrapper_hw_platform_0/ps7_init.tcl : wrong # args: should be "source ?-encoding name? fileName"
	at com.xilinx.sdk.targetmanager.internal.TM.sourceTcl(TM.java:1021)
	at com.xilinx.sdk.debug.core.XilinxAppLaunchConfigurationDelegate.runTargetSetup(XilinxAppLaunchConfigurationDelegate.java:441)
	at com.xilinx.sdk.debug.core.XilinxAppLaunchConfigurationDelegate.runApplication(XilinxAppLaunchConfigurationDelegate.java:616)
	at com.xilinx.sdk.debug.core.XilinxAppLaunchConfigurationDelegate.launch(XilinxAppLaunchConfigurationDelegate.java:309)
	at com.xilinx.sdk.debug.ui.XilinxAppLaunchDelegateWrapper.launch(XilinxAppLaunchDelegateWrapper.java:31)
	at org.eclipse.debug.internal.core.LaunchConfiguration.launch(LaunchConfiguration.java:858)
	at org.eclipse.debug.internal.core.LaunchConfiguration.launch(LaunchConfiguration.java:707)
	at org.eclipse.debug.internal.ui.DebugUIPlugin.buildAndLaunch(DebugUIPlugin.java:1018)
	at org.eclipse.debug.internal.ui.DebugUIPlugin$8.run(DebugUIPlugin.java:1222)
	at org.eclipse.core.internal.jobs.Worker.run(Worker.java:53)
13:33:36 INFO  : Processor reset is completed for ps7_cortexa9_0
